ISim log file
Running: C:\Academic\Fall 2017\ECEN 350\Lab07\SignExtender_tb_isim_beh.exe -intstyle ise -gui -tclbatch isim.cmd -wdb C:/Academic/Fall 2017/ECEN 350/Lab07/SignExtender_tb_isim_beh.wdb 
ISim P.20131013 (signature 0x7708f090)
This is a Full version of ISim.
Time resolution is 1 ps
# onerror resume
# wave add /
# run 1000 ns
Simulator is doing circuit initialization process.
Finished circuit initialization process.
2000 - Test Passed.
actualOut - 0000000000000000000000000000000000000101010101010101010101010100
expectedOut - 0000000000000000000000000000000000000101010101010101010101010100
 
4000 - Test Passed.
actualOut - 1111111111111111111111111111111111111010101010101010101010101000
expectedOut - 1111111111111111111111111111111111111010101010101010101010101000
 
6000 - Test Passed.
actualOut - 1111111111111111111111111111111111111111111101101010101010101000
expectedOut - 1111111111111111111111111111111111111111111101101010101010101000
 
8000 - Test Passed.
actualOut - 0000000000000000000000000000000000000000000000000000000010101010
expectedOut - 0000000000000000000000000000000000000000000000000000000010101010
 
10000 - Test Passed.
actualOut - 1111111111111111111111111111111111111111111111111111111101010101
expectedOut - 1111111111111111111111111111111111111111111111111111111101010101
 
12000 - Test Passed.
actualOut - 0000000000000000000000000000000000000000000000000000000000000100
expectedOut - 0000000000000000000000000000000000000000000000000000000000000100
 
14000 - Test Passed.
actualOut - 0000000000000000000000000000000000000000000000000000000000000001
expectedOut - 0000000000000000000000000000000000000000000000000000000000000001
 
Stopped at time : 14 ns : File "C:/Academic/Fall 2017/ECEN 350/Lab07/SignExtender_tb.v" Line 76
