ISim log file
Running: C:\Academic\Fall 2017\ECEN 350\Lab9\SingleCycleProcTest_v_isim_beh.exe -intstyle ise -gui -tclbatch isim.cmd -wdb C:/Academic/Fall 2017/ECEN 350/Lab9/SingleCycleProcTest_v_isim_beh.wdb 
ISim P.20131013 (signature 0x7708f090)
This is a Full version of ISim.
Time resolution is 1 ps
# onerror resume
# wave add /
# run 1000 ns
Simulator is doing circuit initialization process.
Finished circuit initialization process.
CurrentPC:0000000000000004
CurrentPC:0000000000000008
CurrentPC:000000000000000c
CurrentPC:0000000000000010
CurrentPC:0000000000000014
CurrentPC:0000000000000018
# run all
CurrentPC:000000000000001c
CurrentPC:0000000000000020
CurrentPC:0000000000000024
CurrentPC:0000000000000028
CurrentPC:000000000000001c
CurrentPC:0000000000000020
CurrentPC:0000000000000024
CurrentPC:0000000000000028
CurrentPC:000000000000001c
CurrentPC:0000000000000020
CurrentPC:0000000000000024
CurrentPC:0000000000000028
CurrentPC:000000000000001c
CurrentPC:0000000000000020
CurrentPC:0000000000000024
CurrentPC:0000000000000028
CurrentPC:000000000000001c
CurrentPC:0000000000000020
CurrentPC:0000000000000024
CurrentPC:0000000000000028
CurrentPC:000000000000001c
CurrentPC:0000000000000020
CurrentPC:0000000000000024
CurrentPC:0000000000000028
CurrentPC:000000000000001c
CurrentPC:0000000000000020
CurrentPC:0000000000000024
CurrentPC:0000000000000028
CurrentPC:000000000000001c
CurrentPC:0000000000000020
CurrentPC:0000000000000024
CurrentPC:0000000000000028
CurrentPC:000000000000001c
CurrentPC:0000000000000020
CurrentPC:0000000000000024
CurrentPC:0000000000000028
CurrentPC:000000000000001c
CurrentPC:0000000000000020
CurrentPC:0000000000000024
CurrentPC:0000000000000028
CurrentPC:000000000000001c
CurrentPC:0000000000000020
CurrentPC:0000000000000024
CurrentPC:0000000000000028
CurrentPC:000000000000001c
CurrentPC:0000000000000020
CurrentPC:0000000000000024
CurrentPC:0000000000000028
CurrentPC:000000000000001c
CurrentPC:0000000000000020
CurrentPC:0000000000000024
CurrentPC:0000000000000028
CurrentPC:000000000000001c
CurrentPC:0000000000000020
CurrentPC:0000000000000024
CurrentPC:0000000000000028
CurrentPC:000000000000001c
CurrentPC:0000000000000020
CurrentPC:0000000000000024
CurrentPC:0000000000000028
CurrentPC:000000000000001c
CurrentPC:000000000000002c
CurrentPC:0000000000000030
CurrentPC:0000000000000034
CurrentPC:xxxxxxxxxxxxxxxx
             Results of Program 1 passed
             Results of Program 1 passed
All tests passed
Stopped at time : 9001 ns :  in File "C:/Academic/Fall 2017/ECEN 350/Lab9/SingleCycleProcTest(4).v" Line 138 
